<?xml version="1.0" encoding="UTF-8"?>
<!-- Generated by org.testng.reporters.JUnitXMLReporter -->
<testsuite ignored="0" hostname="DESKTOP-R9NC35U" failures="2" tests="5" name=" Ecommerce Application Test " time="161.504" errors="0" timestamp="2021-05-18T19:41:32 IST">
  <testcase classname="com.TestNGDemo1.testCases.TC_RegistrationTest_001" name="registrationTest" time="5.425">
    <failure type="java.lang.AssertionError" message="expected [true] but found [false]">
      <![CDATA[java.lang.AssertionError: expected [true] but found [false]
at com.TestNGDemo1.testCases.TC_RegistrationTest_001.registrationTest(TC_RegistrationTest_001.java:104)
at java.base/java.util.ArrayList.forEach(ArrayList.java:1511)
... Removed 31 stack frames]]>
    </failure>
  </testcase> <!-- registrationTest -->
  <testcase classname="com.TestNGDemo1.testCases.TC_LoginTest_002" name="loginTest" time="33.122"/>
  <testcase classname="com.TestNGDemo1.testCases.TC_ProductSearchTest_004" name="productSearchTest" time="19.573">
    <failure type="java.lang.AssertionError" message="expected [true] but found [false]">
      <![CDATA[java.lang.AssertionError: expected [true] but found [false]
at com.TestNGDemo1.testCases.TC_ProductSearchTest_004.productSearchTest(TC_ProductSearchTest_004.java:56)
at java.base/java.util.ArrayList.forEach(ArrayList.java:1511)
... Removed 31 stack frames]]>
    </failure>
  </testcase> <!-- productSearchTest -->
  <testcase classname="com.TestNGDemo1.testCases.TC_AddToCartTest_005" name="addToCartTest" time="0.004"/>
  <testcase classname="com.TestNGDemo1.testCases.TC_PlaceAnOrderTest_007" name="placeAnOrderTest" time="68.024"/>
</testsuite> <!--  Ecommerce Application Test  -->
