<?xml version="1.0" encoding="UTF-8"?>
<!-- Generated by org.testng.reporters.JUnitXMLReporter -->
<testsuite hostname="NIBC2613" ignored="0" name=" Ecommerce Application Test " tests="2" failures="1" timestamp="2021-05-10T19:51:36 IST" time="72.904" errors="0">
  <testcase name="registrationTest" time="4.228" classname="com.TestNGDemo1.testCases.TC_RegistrationTest_001">
    <failure type="java.lang.AssertionError" message="expected [true] but found [false]">
      <![CDATA[java.lang.AssertionError: expected [true] but found [false]
at com.TestNGDemo1.testCases.TC_RegistrationTest_001.registrationTest(TC_RegistrationTest_001.java:104)
at java.util.ArrayList.forEach(ArrayList.java:1257)
... Removed 31 stack frames]]>
    </failure>
  </testcase> <!-- registrationTest -->
  <testcase name="loginTest" time="29.73" classname="com.TestNGDemo1.testCases.TC_LoginTest_002"/>
</testsuite> <!--  Ecommerce Application Test  -->
