<?xml version="1.0" encoding="UTF-8"?>
<testng-results ignored="0" total="5" passed="3" failed="2" skipped="0">
  <reporter-output>
  </reporter-output>
  <suite started-at="2021-05-18T19:38:50 IST" name="TestNGDemoProject1" finished-at="2021-05-18T19:41:32 IST" duration-ms="161504">
    <groups>
    </groups>
    <test started-at="2021-05-18T19:38:50 IST" name=" Ecommerce Application Test " finished-at="2021-05-18T19:41:32 IST" duration-ms="161504">
      <class name="com.TestNGDemo1.testCases.TC_AddToCartTest_005">
        <test-method is-config="true" signature="setUp(java.lang.String)[pri:0, instance:com.TestNGDemo1.testCases.TC_AddToCartTest_005@d5b810e]" started-at="2021-05-18T19:40:10 IST" name="setUp" finished-at="2021-05-18T19:40:16 IST" duration-ms="5718" status="PASS">
          <params>
            <param index="0">
              <value>
                <![CDATA[chrome]]>
              </value>
            </param>
          </params>
          <reporter-output>
          </reporter-output>
        </test-method> <!-- setUp -->
        <test-method signature="addToCartTest()[pri:0, instance:com.TestNGDemo1.testCases.TC_AddToCartTest_005@d5b810e]" started-at="2021-05-18T19:40:16 IST" name="addToCartTest" finished-at="2021-05-18T19:40:16 IST" duration-ms="4" status="PASS">
          <reporter-output>
          </reporter-output>
        </test-method> <!-- addToCartTest -->
        <test-method is-config="true" signature="tearDown()[pri:0, instance:com.TestNGDemo1.testCases.TC_AddToCartTest_005@d5b810e]" started-at="2021-05-18T19:40:16 IST" name="tearDown" finished-at="2021-05-18T19:40:17 IST" duration-ms="802" status="PASS">
          <reporter-output>
          </reporter-output>
        </test-method> <!-- tearDown -->
      </class> <!-- com.TestNGDemo1.testCases.TC_AddToCartTest_005 -->
      <class name="com.TestNGDemo1.testCases.TC_LoginTest_002">
        <test-method is-config="true" signature="setUp(java.lang.String)[pri:0, instance:com.TestNGDemo1.testCases.TC_LoginTest_002@6392827e]" started-at="2021-05-18T19:39:03 IST" name="setUp" finished-at="2021-05-18T19:39:09 IST" duration-ms="5913" status="PASS">
          <params>
            <param index="0">
              <value>
                <![CDATA[chrome]]>
              </value>
            </param>
          </params>
          <reporter-output>
          </reporter-output>
        </test-method> <!-- setUp -->
        <test-method signature="loginTest()[pri:0, instance:com.TestNGDemo1.testCases.TC_LoginTest_002@6392827e]" started-at="2021-05-18T19:39:09 IST" name="loginTest" finished-at="2021-05-18T19:39:42 IST" duration-ms="33122" status="PASS">
          <reporter-output>
          </reporter-output>
        </test-method> <!-- loginTest -->
        <test-method is-config="true" signature="tearDown()[pri:0, instance:com.TestNGDemo1.testCases.TC_LoginTest_002@6392827e]" started-at="2021-05-18T19:39:42 IST" name="tearDown" finished-at="2021-05-18T19:39:43 IST" duration-ms="851" status="PASS">
          <reporter-output>
          </reporter-output>
        </test-method> <!-- tearDown -->
      </class> <!-- com.TestNGDemo1.testCases.TC_LoginTest_002 -->
      <class name="com.TestNGDemo1.testCases.TC_ProductSearchTest_004">
        <test-method is-config="true" signature="setUp(java.lang.String)[pri:0, instance:com.TestNGDemo1.testCases.TC_ProductSearchTest_004@2ed2d9cb]" started-at="2021-05-18T19:39:43 IST" name="setUp" finished-at="2021-05-18T19:39:50 IST" duration-ms="6412" status="PASS">
          <params>
            <param index="0">
              <value>
                <![CDATA[chrome]]>
              </value>
            </param>
          </params>
          <reporter-output>
          </reporter-output>
        </test-method> <!-- setUp -->
        <test-method signature="productSearchTest()[pri:0, instance:com.TestNGDemo1.testCases.TC_ProductSearchTest_004@2ed2d9cb]" started-at="2021-05-18T19:39:50 IST" name="productSearchTest" finished-at="2021-05-18T19:40:09 IST" duration-ms="19573" status="FAIL">
          <exception class="java.lang.AssertionError">
            <message>
              <![CDATA[expected [true] but found [false]]]>
            </message>
            <full-stacktrace>
              <![CDATA[java.lang.AssertionError: expected [true] but found [false]
at org.testng.Assert.fail(Assert.java:99)
at org.testng.Assert.failNotEquals(Assert.java:1037)
at org.testng.Assert.assertTrue(Assert.java:45)
at org.testng.Assert.assertTrue(Assert.java:55)
at com.TestNGDemo1.testCases.TC_ProductSearchTest_004.productSearchTest(TC_ProductSearchTest_004.java:56)
at java.base/jdk.internal.reflect.NativeMethodAccessorImpl.invoke0(Native Method)
at java.base/jdk.internal.reflect.NativeMethodAccessorImpl.invoke(NativeMethodAccessorImpl.java:64)
at java.base/jdk.internal.reflect.DelegatingMethodAccessorImpl.invoke(DelegatingMethodAccessorImpl.java:43)
at java.base/java.lang.reflect.Method.invoke(Method.java:564)
at org.testng.internal.MethodInvocationHelper.invokeMethod(MethodInvocationHelper.java:133)
at org.testng.internal.TestInvoker.invokeMethod(TestInvoker.java:598)
at org.testng.internal.TestInvoker.invokeTestMethod(TestInvoker.java:173)
at org.testng.internal.MethodRunner.runInSequence(MethodRunner.java:46)
at org.testng.internal.TestInvoker$MethodInvocationAgent.invoke(TestInvoker.java:824)
at org.testng.internal.TestInvoker.invokeTestMethods(TestInvoker.java:146)
at org.testng.internal.TestMethodWorker.invokeTestMethods(TestMethodWorker.java:146)
at org.testng.internal.TestMethodWorker.run(TestMethodWorker.java:128)
at java.base/java.util.ArrayList.forEach(ArrayList.java:1511)
at org.testng.TestRunner.privateRun(TestRunner.java:794)
at org.testng.TestRunner.run(TestRunner.java:596)
at org.testng.SuiteRunner.runTest(SuiteRunner.java:377)
at org.testng.SuiteRunner.runSequentially(SuiteRunner.java:371)
at org.testng.SuiteRunner.privateRun(SuiteRunner.java:332)
at org.testng.SuiteRunner.run(SuiteRunner.java:276)
at org.testng.SuiteRunnerWorker.runSuite(SuiteRunnerWorker.java:53)
at org.testng.SuiteRunnerWorker.run(SuiteRunnerWorker.java:96)
at org.testng.TestNG.runSuitesSequentially(TestNG.java:1212)
at org.testng.TestNG.runSuitesLocally(TestNG.java:1134)
at org.testng.TestNG.runSuites(TestNG.java:1063)
at org.testng.TestNG.run(TestNG.java:1031)
at org.testng.remote.AbstractRemoteTestNG.run(AbstractRemoteTestNG.java:115)
at org.testng.remote.RemoteTestNG.initAndRun(RemoteTestNG.java:251)
at org.testng.remote.RemoteTestNG.main(RemoteTestNG.java:77)
]]>
            </full-stacktrace>
          </exception> <!-- java.lang.AssertionError -->
          <reporter-output>
          </reporter-output>
        </test-method> <!-- productSearchTest -->
        <test-method is-config="true" signature="tearDown()[pri:0, instance:com.TestNGDemo1.testCases.TC_ProductSearchTest_004@2ed2d9cb]" started-at="2021-05-18T19:40:09 IST" name="tearDown" finished-at="2021-05-18T19:40:10 IST" duration-ms="798" status="PASS">
          <reporter-output>
          </reporter-output>
        </test-method> <!-- tearDown -->
      </class> <!-- com.TestNGDemo1.testCases.TC_ProductSearchTest_004 -->
      <class name="com.TestNGDemo1.testCases.TC_PlaceAnOrderTest_007">
        <test-method is-config="true" signature="setUp(java.lang.String)[pri:0, instance:com.TestNGDemo1.testCases.TC_PlaceAnOrderTest_007@43dac38f]" started-at="2021-05-18T19:40:17 IST" name="setUp" finished-at="2021-05-18T19:40:23 IST" duration-ms="6182" status="PASS">
          <params>
            <param index="0">
              <value>
                <![CDATA[chrome]]>
              </value>
            </param>
          </params>
          <reporter-output>
          </reporter-output>
        </test-method> <!-- setUp -->
        <test-method signature="placeAnOrderTest()[pri:0, instance:com.TestNGDemo1.testCases.TC_PlaceAnOrderTest_007@43dac38f]" started-at="2021-05-18T19:40:23 IST" name="placeAnOrderTest" finished-at="2021-05-18T19:41:31 IST" duration-ms="68024" status="PASS">
          <reporter-output>
          </reporter-output>
        </test-method> <!-- placeAnOrderTest -->
        <test-method is-config="true" signature="tearDown()[pri:0, instance:com.TestNGDemo1.testCases.TC_PlaceAnOrderTest_007@43dac38f]" started-at="2021-05-18T19:41:31 IST" name="tearDown" finished-at="2021-05-18T19:41:32 IST" duration-ms="993" status="PASS">
          <reporter-output>
          </reporter-output>
        </test-method> <!-- tearDown -->
      </class> <!-- com.TestNGDemo1.testCases.TC_PlaceAnOrderTest_007 -->
      <class name="com.TestNGDemo1.testCases.TC_RegistrationTest_001">
        <test-method is-config="true" signature="setUp(java.lang.String)[pri:0, instance:com.TestNGDemo1.testCases.TC_RegistrationTest_001@741a8937]" started-at="2021-05-18T19:38:50 IST" name="setUp" finished-at="2021-05-18T19:38:57 IST" duration-ms="6728" status="PASS">
          <params>
            <param index="0">
              <value>
                <![CDATA[chrome]]>
              </value>
            </param>
          </params>
          <reporter-output>
          </reporter-output>
        </test-method> <!-- setUp -->
        <test-method signature="registrationTest()[pri:0, instance:com.TestNGDemo1.testCases.TC_RegistrationTest_001@741a8937]" started-at="2021-05-18T19:38:57 IST" name="registrationTest" finished-at="2021-05-18T19:39:03 IST" duration-ms="5425" status="FAIL">
          <exception class="java.lang.AssertionError">
            <message>
              <![CDATA[expected [true] but found [false]]]>
            </message>
            <full-stacktrace>
              <![CDATA[java.lang.AssertionError: expected [true] but found [false]
at org.testng.Assert.fail(Assert.java:99)
at org.testng.Assert.failNotEquals(Assert.java:1037)
at org.testng.Assert.assertTrue(Assert.java:45)
at org.testng.Assert.assertTrue(Assert.java:55)
at com.TestNGDemo1.testCases.TC_RegistrationTest_001.registrationTest(TC_RegistrationTest_001.java:104)
at java.base/jdk.internal.reflect.NativeMethodAccessorImpl.invoke0(Native Method)
at java.base/jdk.internal.reflect.NativeMethodAccessorImpl.invoke(NativeMethodAccessorImpl.java:64)
at java.base/jdk.internal.reflect.DelegatingMethodAccessorImpl.invoke(DelegatingMethodAccessorImpl.java:43)
at java.base/java.lang.reflect.Method.invoke(Method.java:564)
at org.testng.internal.MethodInvocationHelper.invokeMethod(MethodInvocationHelper.java:133)
at org.testng.internal.TestInvoker.invokeMethod(TestInvoker.java:598)
at org.testng.internal.TestInvoker.invokeTestMethod(TestInvoker.java:173)
at org.testng.internal.MethodRunner.runInSequence(MethodRunner.java:46)
at org.testng.internal.TestInvoker$MethodInvocationAgent.invoke(TestInvoker.java:824)
at org.testng.internal.TestInvoker.invokeTestMethods(TestInvoker.java:146)
at org.testng.internal.TestMethodWorker.invokeTestMethods(TestMethodWorker.java:146)
at org.testng.internal.TestMethodWorker.run(TestMethodWorker.java:128)
at java.base/java.util.ArrayList.forEach(ArrayList.java:1511)
at org.testng.TestRunner.privateRun(TestRunner.java:794)
at org.testng.TestRunner.run(TestRunner.java:596)
at org.testng.SuiteRunner.runTest(SuiteRunner.java:377)
at org.testng.SuiteRunner.runSequentially(SuiteRunner.java:371)
at org.testng.SuiteRunner.privateRun(SuiteRunner.java:332)
at org.testng.SuiteRunner.run(SuiteRunner.java:276)
at org.testng.SuiteRunnerWorker.runSuite(SuiteRunnerWorker.java:53)
at org.testng.SuiteRunnerWorker.run(SuiteRunnerWorker.java:96)
at org.testng.TestNG.runSuitesSequentially(TestNG.java:1212)
at org.testng.TestNG.runSuitesLocally(TestNG.java:1134)
at org.testng.TestNG.runSuites(TestNG.java:1063)
at org.testng.TestNG.run(TestNG.java:1031)
at org.testng.remote.AbstractRemoteTestNG.run(AbstractRemoteTestNG.java:115)
at org.testng.remote.RemoteTestNG.initAndRun(RemoteTestNG.java:251)
at org.testng.remote.RemoteTestNG.main(RemoteTestNG.java:77)
]]>
            </full-stacktrace>
          </exception> <!-- java.lang.AssertionError -->
          <reporter-output>
          </reporter-output>
        </test-method> <!-- registrationTest -->
        <test-method is-config="true" signature="tearDown()[pri:0, instance:com.TestNGDemo1.testCases.TC_RegistrationTest_001@741a8937]" started-at="2021-05-18T19:39:03 IST" name="tearDown" finished-at="2021-05-18T19:39:03 IST" duration-ms="724" status="PASS">
          <reporter-output>
          </reporter-output>
        </test-method> <!-- tearDown -->
      </class> <!-- com.TestNGDemo1.testCases.TC_RegistrationTest_001 -->
    </test> <!--  Ecommerce Application Test  -->
  </suite> <!-- TestNGDemoProject1 -->
</testng-results>
